#! /usr/bin/vvp
:ivl_version "11.0 (stable)" "(v11_0-dirty)";
:ivl_delay_selection "TYPICAL";
:vpi_time_precision + 0;
:vpi_module "/usr/lib/ivl/system.vpi";
:vpi_module "/usr/lib/ivl/vhdl_sys.vpi";
:vpi_module "/usr/lib/ivl/vhdl_textio.vpi";
:vpi_module "/usr/lib/ivl/v2005_math.vpi";
:vpi_module "/usr/lib/ivl/va_math.vpi";
S_0xaaaaf4a75cd0 .scope module, "counter" "counter" 2 17;
 .timescale 0 0;
    .port_info 0 /INPUT 1 "clk";
    .port_info 1 /OUTPUT 4 "bcd";
o0xffffa6114018 .functor BUFZ 4, C4<zzzz>; HiZ drive
v0xaaaaf4a760c0_0 .net "bcd", 3 0, o0xffffa6114018;  0 drivers
o0xffffa6114048 .functor BUFZ 1, C4<z>; HiZ drive
v0xaaaaf4abced0_0 .net "clk", 0 0, o0xffffa6114048;  0 drivers
S_0xaaaaf4a75ea0 .scope module, "tflip" "tflip" 2 1;
 .timescale 0 0;
    .port_info 0 /INPUT 1 "clk";
    .port_info 1 /INPUT 1 "rst";
    .port_info 2 /INPUT 1 "T";
    .port_info 3 /OUTPUT 1 "Q";
v0xaaaaf4abd010_0 .var "Q", 0 0;
o0xffffa6114108 .functor BUFZ 1, C4<z>; HiZ drive
v0xaaaaf4abd0f0_0 .net "T", 0 0, o0xffffa6114108;  0 drivers
o0xffffa6114138 .functor BUFZ 1, C4<z>; HiZ drive
v0xaaaaf4abd1b0_0 .net "clk", 0 0, o0xffffa6114138;  0 drivers
o0xffffa6114168 .functor BUFZ 1, C4<z>; HiZ drive
v0xaaaaf4abd280_0 .net "rst", 0 0, o0xffffa6114168;  0 drivers
E_0xaaaaf4aaedb0 .event posedge, v0xaaaaf4abd1b0_0;
    .scope S_0xaaaaf4a75ea0;
T_0 ;
    %wait E_0xaaaaf4aaedb0;
    %load/vec4 v0xaaaaf4abd280_0;
    %nor/r;
    %flag_set/vec4 8;
    %jmp/0xz  T_0.0, 8;
    %pushi/vec4 0, 0, 1;
    %assign/vec4 v0xaaaaf4abd010_0, 0;
    %jmp T_0.1;
T_0.0 ;
    %load/vec4 v0xaaaaf4abd0f0_0;
    %flag_set/vec4 8;
    %jmp/0 T_0.2, 8;
    %load/vec4 v0xaaaaf4abd010_0;
    %jmp/1 T_0.3, 8;
T_0.2 ; End of true expr.
    %load/vec4 v0xaaaaf4abd010_0;
    %nor/r;
    %jmp/0 T_0.3, 8;
 ; End of false expr.
    %blend;
T_0.3;
    %assign/vec4 v0xaaaaf4abd010_0, 0;
T_0.1 ;
    %jmp T_0;
    .thread T_0;
# The file index is used to find the file name in the following table.
:file_names 3;
    "N/A";
    "<interactive>";
    "counter.v";
