Info: constrained 'clk' to bel 'X12/Y31/io1'
Info: constraining clock net 'clk' to 12.00 MHz
Info: constrained 'reset' to bel 'X16/Y0/io0'
Warning: Ignoring trailing PCF settings (on line 8)
Info: constrained 'digit[0]' to bel 'X9/Y0/io1'
Warning: Ignoring trailing PCF settings (on line 9)
Info: constrained 'digit[1]' to bel 'X7/Y0/io0'
Warning: Ignoring trailing PCF settings (on line 10)
Info: constrained 'digit[2]' to bel 'X6/Y0/io1'
Warning: Ignoring trailing PCF settings (on line 11)
Info: constrained 'digit[3]' to bel 'X5/Y0/io0'
Warning: Ignoring trailing PCF settings (on line 12)
Info: constrained 'digit[4]' to bel 'X6/Y0/io0'
Warning: Ignoring trailing PCF settings (on line 13)
Info: constrained 'digit[5]' to bel 'X9/Y0/io0'
Warning: Ignoring trailing PCF settings (on line 14)
Info: constrained 'digit[6]' to bel 'X8/Y0/io0'
Warning: Ignoring trailing PCF settings (on line 15)
Info: constrained 'digit[7]' to bel 'X7/Y0/io1'
Warning: Ignoring trailing PCF settings (on line 18)
Info: constrained 'sseg[0]' to bel 'X16/Y31/io1'
Warning: Ignoring trailing PCF settings (on line 19)
Info: constrained 'sseg[1]' to bel 'X13/Y31/io1'
Warning: Ignoring trailing PCF settings (on line 20)
Info: constrained 'sseg[2]' to bel 'X9/Y31/io1'
Warning: Ignoring trailing PCF settings (on line 21)
Info: constrained 'sseg[3]' to bel 'X8/Y31/io1'
Warning: Ignoring trailing PCF settings (on line 22)
Info: constrained 'sseg[4]' to bel 'X9/Y31/io0'
Warning: Ignoring trailing PCF settings (on line 23)
Info: constrained 'sseg[5]' to bel 'X16/Y31/io0'
Warning: Ignoring trailing PCF settings (on line 24)
Info: constrained 'sseg[6]' to bel 'X8/Y31/io0'
Warning: Ignoring trailing PCF settings (on line 25)
Info: constrained 'sseg[7]' to bel 'X17/Y31/io0'
Info: constrained 'dip[0]' to bel 'X18/Y31/io0'
Info: constrained 'dip[1]' to bel 'X19/Y31/io0'
Info: constrained 'dip[2]' to bel 'X19/Y0/io1'
Info: constrained 'dip[3]' to bel 'X22/Y0/io1'
Info: constrained 'dip[4]' to bel 'X18/Y31/io1'
Info: constrained 'dip[5]' to bel 'X19/Y31/io1'
Info: constrained 'dip[6]' to bel 'X18/Y0/io1'
Info: constrained 'dip[7]' to bel 'X21/Y0/io1'
Info: constrained 'aux1' to bel 'X4/Y31/io0'
Info: constrained 'aux2' to bel 'X5/Y31/io0'
Info: constrained 'aux3' to bel 'X6/Y31/io0'

Info: Packing constants..
Info: Packing IOs..
Info: Packing LUT-FFs..
Info:      112 LCs used as LUT4 only
Info:       41 LCs used as LUT4 and DFF
Info: Packing non-LUT FFs..
Info:       21 LCs used as DFF only
Info: Packing carries..
Info:       21 LCs used as CARRY only
Info: Packing RAMs..
Info: Placing PLLs..
Info: Packing special functions..
Info: Packing PLLs..
Info: Promoting globals..
Info: promoting clk$SB_IO_IN (fanout 64)
Info: promoting pre1_SB_LUT4_I3_O_SB_LUT4_I2_O[2] [cen] (fanout 18)
Info: Constraining chains...
Info:       18 LCs used to legalise carry chains.
Info: Checksum: 0x8aacce52

Info: Annotating ports with timing budgets for target frequency 10.00 MHz
Info: Checksum: 0x632e47c6

Info: Device utilisation:
Info: 	         ICESTORM_LC:   215/ 5280     4%
Info: 	        ICESTORM_RAM:     1/   30     3%
Info: 	               SB_IO:    29/   96    30%
Info: 	               SB_GB:     2/    8    25%
Info: 	        ICESTORM_PLL:     0/    1     0%
Info: 	         SB_WARMBOOT:     0/    1     0%
Info: 	        ICESTORM_DSP:     0/    8     0%
Info: 	      ICESTORM_HFOSC:     0/    1     0%
Info: 	      ICESTORM_LFOSC:     0/    1     0%
Info: 	              SB_I2C:     0/    2     0%
Info: 	              SB_SPI:     0/    2     0%
Info: 	              IO_I3C:     0/    2     0%
Info: 	         SB_LEDDA_IP:     0/    1     0%
Info: 	         SB_RGBA_DRV:     0/    1     0%
Info: 	      ICESTORM_SPRAM:     0/    4     0%

Info: Placed 29 cells based on constraints.
Info: Creating initial analytic placement for 162 cells, random placement wirelen = 5370.
Info:     at initial placer iter 0, wirelen = 674
Info:     at initial placer iter 1, wirelen = 638
Info:     at initial placer iter 2, wirelen = 647
Info:     at initial placer iter 3, wirelen = 648
Info: Running main analytical placer.
Info:     at iteration #1, type ALL: wirelen solved = 640, spread = 995, legal = 1109; time = 0.00s
Info:     at iteration #2, type ALL: wirelen solved = 670, spread = 1021, legal = 1112; time = 0.00s
Info:     at iteration #3, type ALL: wirelen solved = 657, spread = 1001, legal = 1126; time = 0.00s
Info:     at iteration #4, type ALL: wirelen solved = 682, spread = 1081, legal = 1122; time = 0.00s
Info:     at iteration #5, type ALL: wirelen solved = 745, spread = 1000, legal = 1170; time = 0.00s
Info:     at iteration #6, type ALL: wirelen solved = 735, spread = 1061, legal = 1092; time = 0.00s
Info:     at iteration #7, type ALL: wirelen solved = 779, spread = 1147, legal = 1182; time = 0.00s
Info:     at iteration #8, type ALL: wirelen solved = 763, spread = 992, legal = 1089; time = 0.00s
Info:     at iteration #9, type ALL: wirelen solved = 802, spread = 1045, legal = 1088; time = 0.00s
Info:     at iteration #10, type ALL: wirelen solved = 770, spread = 1132, legal = 1151; time = 0.00s
Info:     at iteration #11, type ALL: wirelen solved = 778, spread = 990, legal = 1102; time = 0.00s
Info:     at iteration #12, type ALL: wirelen solved = 803, spread = 1005, legal = 1117; time = 0.00s
Info:     at iteration #13, type ALL: wirelen solved = 810, spread = 989, legal = 1094; time = 0.00s
Info:     at iteration #14, type ALL: wirelen solved = 820, spread = 983, legal = 1085; time = 0.00s
Info:     at iteration #15, type ALL: wirelen solved = 837, spread = 979, legal = 1100; time = 0.00s
Info:     at iteration #16, type ALL: wirelen solved = 817, spread = 985, legal = 1086; time = 0.00s
Info:     at iteration #17, type ALL: wirelen solved = 819, spread = 958, legal = 1068; time = 0.00s
Info:     at iteration #18, type ALL: wirelen solved = 838, spread = 960, legal = 1079; time = 0.00s
Info:     at iteration #19, type ALL: wirelen solved = 834, spread = 988, legal = 1090; time = 0.00s
Info:     at iteration #20, type ALL: wirelen solved = 828, spread = 994, legal = 1127; time = 0.00s
Info:     at iteration #21, type ALL: wirelen solved = 837, spread = 995, legal = 1064; time = 0.00s
Info:     at iteration #22, type ALL: wirelen solved = 825, spread = 982, legal = 1088; time = 0.00s
Info:     at iteration #23, type ALL: wirelen solved = 840, spread = 987, legal = 1101; time = 0.00s
Info:     at iteration #24, type ALL: wirelen solved = 837, spread = 983, legal = 1068; time = 0.00s
Info:     at iteration #25, type ALL: wirelen solved = 843, spread = 990, legal = 1098; time = 0.00s
Info:     at iteration #26, type ALL: wirelen solved = 840, spread = 990, legal = 1085; time = 0.00s
Info: HeAP Placer Time: 0.08s
Info:   of which solving equations: 0.06s
Info:   of which spreading cells: 0.01s
Info:   of which strict legalisation: 0.00s

Info: Running simulated annealing placer for refinement.
Info:   at iteration #1: temp = 0.000000, timing cost = 55, wirelen = 1064
Info:   at iteration #5: temp = 0.000000, timing cost = 40, wirelen = 975
Info:   at iteration #8: temp = 0.000000, timing cost = 40, wirelen = 957 
Info: SA placement time 0.03s

Info: Max frequency for clock 'clk$SB_IO_IN_$glb_clk': 46.88 MHz (PASS at 12.00 MHz)

Info: Max delay <async>                       -> posedge clk$SB_IO_IN_$glb_clk: 18.40 ns
Info: Max delay posedge clk$SB_IO_IN_$glb_clk -> <async>                      : 9.26 ns

Info: Slack histogram:
Info:  legend: * represents 1 endpoint(s)
Info:          + represents [1,1) endpoint(s)
Info: [ 62001,  63537) |*****************+
Info: [ 63537,  65073) |+
Info: [ 65073,  66609) |**+
Info: [ 66609,  68145) |**********+
Info: [ 68145,  69681) |*******************+
Info: [ 69681,  71217) |********+
Info: [ 71217,  72753) |***********+
Info: [ 72753,  74289) |**************+
Info: [ 74289,  75825) |*******************+
Info: [ 75825,  77361) |*****************+
Info: [ 77361,  78897) |*******************+
Info: [ 78897,  80433) |************************************************************ 
Info: [ 80433,  81969) | 
Info: [ 81969,  83505) | 
Info: [ 83505,  85041) | 
Info: [ 85041,  86577) | 
Info: [ 86577,  88113) | 
Info: [ 88113,  89649) | 
Info: [ 89649,  91185) |**+
Info: [ 91185,  92721) |**********+
Info: Checksum: 0x635b38bf

Info: Routing..
Info: Setting up routing queue.
Info: Routing 700 arcs.
Info:            |   (re-)routed arcs  |   delta    | remaining|       time spent     |
Info:    IterCnt |  w/ripup   wo/ripup |  w/r  wo/r |      arcs| batch(sec) total(sec)|
Info:        808 |       92        678 |   92   678 |         0|       0.10       0.10|
Info: Routing complete.
Info: Router1 time 0.10s
Info: Checksum: 0x6d15f7a2

Info: Critical path report for clock 'clk$SB_IO_IN_$glb_clk' (posedge -> posedge):
Info: curr total
Info:  1.4  1.4  Source n.pp_SB_DFFE_Q_7_DFFLC.O
Info:  1.8  3.2    Net n.pp[0] budget 0.000000 ns (4,7) -> (4,7)
Info:                Sink n.pp_SB_DFFE_Q_7_D_SB_LUT4_O_7_LC.I3
Info:                Defined in:
Info:                  src/mem.v:66.15-79.6
Info:                  src/numdriver.v:60.23-60.32
Info:                  /usr/local/bin/../share/yosys/ice40/arith_map.v:51.21-51.22
Info:  0.9  4.0  Source n.pp_SB_DFFE_Q_7_D_SB_LUT4_O_7_LC.O
Info:  1.8  5.8    Net n.multiplex_SB_DFFE_Q_E_SB_LUT4_I2_I3[0] budget 0.000000 ns (4,7) -> (4,6)
Info:                Sink $nextpnr_ICESTORM_LC_7.I1
Info:                Defined in:
Info:                  src/mem.v:66.15-79.6
Info:                  src/numdriver.v:60.23-60.32
Info:                  /usr/local/bin/../share/yosys/ice40/arith_map.v:33.26-33.27
Info:  0.7  6.5  Source $nextpnr_ICESTORM_LC_7.COUT
Info:  0.0  6.5    Net $nextpnr_ICESTORM_LC_7$O budget 0.000000 ns (4,6) -> (4,6)
Info:                Sink n.multiplex_SB_DFFE_Q_E_SB_LUT4_I2_I3_SB_CARRY_CO_CI_SB_CARRY_CO_5$CARRY.CIN
Info:  0.3  6.7  Source n.multiplex_SB_DFFE_Q_E_SB_LUT4_I2_I3_SB_CARRY_CO_CI_SB_CARRY_CO_5$CARRY.COUT
Info:  0.0  6.7    Net n.multiplex_SB_DFFE_Q_E_SB_LUT4_I2_I3[1] budget 0.000000 ns (4,6) -> (4,6)
Info:                Sink n.multiplex_SB_DFFE_Q_E_SB_LUT4_I2_I3_SB_CARRY_CO_CI_SB_CARRY_CO_4$CARRY.CIN
Info:                Defined in:
Info:                  src/mem.v:66.15-79.6
Info:                  src/numdriver.v:62.25-62.31
Info:                  /usr/local/bin/../share/yosys/ice40/arith_map.v:51.21-51.22
Info:  0.3  7.0  Source n.multiplex_SB_DFFE_Q_E_SB_LUT4_I2_I3_SB_CARRY_CO_CI_SB_CARRY_CO_4$CARRY.COUT
Info:  0.0  7.0    Net n.multiplex_SB_DFFE_Q_E_SB_LUT4_I2_I3[2] budget 0.000000 ns (4,6) -> (4,6)
Info:                Sink n.multiplex_SB_DFFE_Q_E_SB_LUT4_I2_I3_SB_CARRY_CO_CI_SB_CARRY_CO_3$CARRY.CIN
Info:                Defined in:
Info:                  src/mem.v:66.15-79.6
Info:                  src/numdriver.v:62.25-62.31
Info:                  /usr/local/bin/../share/yosys/ice40/arith_map.v:51.21-51.22
Info:  0.3  7.3  Source n.multiplex_SB_DFFE_Q_E_SB_LUT4_I2_I3_SB_CARRY_CO_CI_SB_CARRY_CO_3$CARRY.COUT
Info:  0.0  7.3    Net n.multiplex_SB_DFFE_Q_E_SB_LUT4_I2_I3[3] budget 0.000000 ns (4,6) -> (4,6)
Info:                Sink n.multiplex_SB_DFFE_Q_E_SB_LUT4_I2_I3_SB_CARRY_CO_CI_SB_CARRY_CO_2$CARRY.CIN
Info:                Defined in:
Info:                  src/mem.v:66.15-79.6
Info:                  src/numdriver.v:62.25-62.31
Info:                  /usr/local/bin/../share/yosys/ice40/arith_map.v:51.21-51.22
Info:  0.3  7.6  Source n.multiplex_SB_DFFE_Q_E_SB_LUT4_I2_I3_SB_CARRY_CO_CI_SB_CARRY_CO_2$CARRY.COUT
Info:  0.0  7.6    Net n.multiplex_SB_DFFE_Q_E_SB_LUT4_I2_I3[4] budget 0.000000 ns (4,6) -> (4,6)
Info:                Sink n.multiplex_SB_DFFE_Q_E_SB_LUT4_I2_I3_SB_CARRY_CO_CI_SB_CARRY_CO_1$CARRY.CIN
Info:                Defined in:
Info:                  src/mem.v:66.15-79.6
Info:                  src/numdriver.v:62.25-62.31
Info:                  /usr/local/bin/../share/yosys/ice40/arith_map.v:51.21-51.22
Info:  0.3  7.9  Source n.multiplex_SB_DFFE_Q_E_SB_LUT4_I2_I3_SB_CARRY_CO_CI_SB_CARRY_CO_1$CARRY.COUT
Info:  0.0  7.9    Net n.multiplex_SB_DFFE_Q_E_SB_LUT4_I2_I3[5] budget 0.000000 ns (4,6) -> (4,6)
Info:                Sink n.multiplex_SB_DFFE_Q_E_SB_LUT4_I2_I3_SB_CARRY_CO_CI_SB_CARRY_CO$CARRY.CIN
Info:                Defined in:
Info:                  src/mem.v:66.15-79.6
Info:                  src/numdriver.v:62.25-62.31
Info:                  /usr/local/bin/../share/yosys/ice40/arith_map.v:51.21-51.22
Info:  0.3  8.1  Source n.multiplex_SB_DFFE_Q_E_SB_LUT4_I2_I3_SB_CARRY_CO_CI_SB_CARRY_CO$CARRY.COUT
Info:  0.0  8.1    Net n.multiplex_SB_DFFE_Q_E_SB_LUT4_I2_I3[6] budget 0.000000 ns (4,6) -> (4,6)
Info:                Sink n.multiplex_SB_DFFE_Q_E_SB_LUT4_I2_I3_SB_CARRY_CO$CARRY.CIN
Info:                Defined in:
Info:                  src/mem.v:66.15-79.6
Info:                  src/numdriver.v:62.25-62.31
Info:                  /usr/local/bin/../share/yosys/ice40/arith_map.v:51.21-51.22
Info:  0.3  8.4  Source n.multiplex_SB_DFFE_Q_E_SB_LUT4_I2_I3_SB_CARRY_CO$CARRY.COUT
Info:  1.2  9.6    Net $nextpnr_ICESTORM_LC_8$I3 budget 1.220000 ns (4,6) -> (4,7)
Info:                Sink $nextpnr_ICESTORM_LC_8.I3
Info:  0.9 10.5  Source $nextpnr_ICESTORM_LC_8.O
Info:  1.8 12.3    Net n.multiplex_SB_DFFE_Q_E[1] budget 57.450001 ns (4,7) -> (4,7)
Info:                Sink n.multiplex_SB_DFFE_Q_E_SB_LUT4_I2_1_LC.I3
Info:                Defined in:
Info:                  src/mem.v:66.15-79.6
Info:                  src/numdriver.v:62.25-62.31
Info:                  /usr/local/bin/../share/yosys/ice40/arith_map.v:37.23-37.25
Info:  0.9 13.1  Source n.multiplex_SB_DFFE_Q_E_SB_LUT4_I2_1_LC.O
Info:  3.4 16.6    Net n.pp_SB_DFFE_Q_E budget 19.150000 ns (4,7) -> (4,7)
Info:                Sink n.pp_SB_DFFE_Q_D_SB_LUT4_O_4_LC.CEN
Info:  0.1 16.7  Setup n.pp_SB_DFFE_Q_D_SB_LUT4_O_4_LC.CEN
Info: 6.7 ns logic, 9.9 ns routing

Info: Critical path report for cross-domain path '<async>' -> 'posedge clk$SB_IO_IN_$glb_clk':
Info: curr total
Info:  0.0  0.0  Source dip[5]$sb_io.D_IN_0
Info:  8.1  8.1    Net dip[5]$SB_IO_IN budget 19.767000 ns (19,31) -> (3,1)
Info:                Sink n.ech_SB_LUT4_O_3_I0_SB_LUT4_O_I0_SB_LUT4_O_I0_SB_LUT4_O_LC.I0
Info:                Defined in:
Info:                  src/mem.v:66.15-79.6
Info:                  src/bcdmapper.v:2.22-2.25
Info:                  src/numdriver.v:26.30-26.58
Info:  1.3  9.4  Source n.ech_SB_LUT4_O_3_I0_SB_LUT4_O_I0_SB_LUT4_O_I0_SB_LUT4_O_LC.O
Info:  1.8 11.2    Net n.ech_SB_LUT4_O_3_I0_SB_LUT4_O_I0_SB_LUT4_O_I0[1] budget 19.767000 ns (3,1) -> (3,1)
Info:                Sink n.ech_SB_LUT4_O_3_I0_SB_LUT4_O_I0_SB_LUT4_O_LC.I1
Info:                Defined in:
Info:                  /usr/local/bin/../share/yosys/ice40/cells_map.v:6.21-6.22
Info:  1.2 12.4  Source n.ech_SB_LUT4_O_3_I0_SB_LUT4_O_I0_SB_LUT4_O_LC.O
Info:  1.8 14.2    Net n.ech_SB_LUT4_O_3_I0_SB_LUT4_O_I0[3] budget 19.767000 ns (3,1) -> (3,1)
Info:                Sink n.ech_SB_LUT4_O_3_I0_SB_LUT4_O_LC.I3
Info:                Defined in:
Info:                  /usr/local/bin/../share/yosys/ice40/cells_map.v:6.21-6.22
Info:  0.9 15.1  Source n.ech_SB_LUT4_O_3_I0_SB_LUT4_O_LC.O
Info:  1.8 16.8    Net n.ech_SB_LUT4_O_3_I0[3] budget 19.766001 ns (3,1) -> (4,1)
Info:                Sink n.ech_SB_LUT4_O_3_LC.I3
Info:                Defined in:
Info:                  /usr/local/bin/../share/yosys/ice40/cells_map.v:6.21-6.22
Info:  0.8 17.6  Setup n.ech_SB_LUT4_O_3_LC.I3
Info: 4.2 ns logic, 13.4 ns routing

Info: Critical path report for cross-domain path 'posedge clk$SB_IO_IN_$glb_clk' -> '<async>':
Info: curr total
Info:  1.4  1.4  Source n.sseg_SB_DFFE_Q_5_D_SB_LUT4_O_LC.O
Info:  7.9  9.3    Net sseg[7]$SB_IO_OUT budget 98.610001 ns (4,5) -> (17,31)
Info:                Sink sseg[7]$sb_io.D_OUT_0
Info:                Defined in:
Info:                  src/mem.v:30.23-30.27
Info: 1.4 ns logic, 7.9 ns routing

Info: Max frequency for clock 'clk$SB_IO_IN_$glb_clk': 60.01 MHz (PASS at 12.00 MHz)

Info: Max delay <async>                       -> posedge clk$SB_IO_IN_$glb_clk: 17.64 ns
Info: Max delay posedge clk$SB_IO_IN_$glb_clk -> <async>                      : 9.32 ns

Info: Slack histogram:
Info:  legend: * represents 1 endpoint(s)
Info:          + represents [1,1) endpoint(s)
Info: [ 65697,  67046) |**************************+
Info: [ 67046,  68395) |*********+
Info: [ 68395,  69744) |********+
Info: [ 69744,  71093) |********+
Info: [ 71093,  72442) |**********+
Info: [ 72442,  73791) |************+
Info: [ 73791,  75140) |*************+
Info: [ 75140,  76489) |*************+
Info: [ 76489,  77838) |*************+
Info: [ 77838,  79187) |************************************************************ 
Info: [ 79187,  80536) |********+
Info: [ 80536,  81885) | 
Info: [ 81885,  83234) | 
Info: [ 83234,  84583) | 
Info: [ 84583,  85932) | 
Info: [ 85932,  87281) | 
Info: [ 87281,  88630) | 
Info: [ 88630,  89979) | 
Info: [ 89979,  91328) |**+
Info: [ 91328,  92677) |*********+
16 warnings, 0 errors

Info: Program finished normally.
